<?xml version="1.0" encoding="UTF-8"?>
<testng-results ignored="0" total="5" passed="3" failed="2" skipped="0">
  <reporter-output>
  </reporter-output>
  <suite started-at="2024-09-04T12:47:22 IST" name="Default suite" finished-at="2024-09-04T12:51:08 IST" duration-ms="225737">
    <groups>
    </groups>
    <test started-at="2024-09-04T12:47:22 IST" name="Default test" finished-at="2024-09-04T12:51:08 IST" duration-ms="225737">
      <class name="formSubmissionDemoQA.DemoQaFormSubmission">
        <test-method signature="FormSubmission(java.lang.String,java.lang.String,java.lang.String,java.lang.String,java.lang.String,java.lang.String,java.lang.String,java.lang.String,java.lang.String,java.lang.String,java.lang.String,java.lang.String,java.lang.String,java.lang.String)[pri:0, instance:formSubmissionDemoQA.DemoQaFormSubmission@65fb9ffc]" started-at="2024-09-04T12:47:23 IST" name="FormSubmission" data-provider="StudentDetails" finished-at="2024-09-04T12:48:39 IST" duration-ms="75839" status="PASS">
          <params>
            <param index="0">
              <value>
                <![CDATA[Siva]]>
              </value>
            </param>
            <param index="1">
              <value>
                <![CDATA[Nageswar]]>
              </value>
            </param>
            <param index="2">
              <value>
                <![CDATA[rs.sivanageswar@outlook.com]]>
              </value>
            </param>
            <param index="3">
              <value>
                <![CDATA[Female]]>
              </value>
            </param>
            <param index="4">
              <value>
                <![CDATA[9876543211]]>
              </value>
            </param>
            <param index="5">
              <value>
                <![CDATA[Maths]]>
              </value>
            </param>
            <param index="6">
              <value>
                <![CDATA[Sports]]>
              </value>
            </param>
            <param index="7">
              <value>
                <![CDATA[C:\Users\SIVA\Pictures\Profile_Image.jpg]]>
              </value>
            </param>
            <param index="8">
              <value>
                <![CDATA[Swathi Avenue, Ameerpet, Hyderabad, Telangana - 500016]]>
              </value>
            </param>
            <param index="9">
              <value>
                <![CDATA[NCR]]>
              </value>
            </param>
            <param index="10">
              <value>
                <![CDATA[Delhi]]>
              </value>
            </param>
            <param index="11">
              <value>
                <![CDATA[May]]>
              </value>
            </param>
            <param index="12">
              <value>
                <![CDATA[2000]]>
              </value>
            </param>
            <param index="13">
              <value>
                <![CDATA[2]]>
              </value>
            </param>
          </params>
          <reporter-output>
          </reporter-output>
        </test-method> <!-- FormSubmission -->
        <test-method signature="FormSubmission(java.lang.String,java.lang.String,java.lang.String,java.lang.String,java.lang.String,java.lang.String,java.lang.String,java.lang.String,java.lang.String,java.lang.String,java.lang.String,java.lang.String,java.lang.String,java.lang.String)[pri:0, instance:formSubmissionDemoQA.DemoQaFormSubmission@65fb9ffc]" started-at="2024-09-04T12:48:39 IST" name="FormSubmission" data-provider="StudentDetails" finished-at="2024-09-04T12:49:23 IST" duration-ms="43515" status="FAIL">
          <params>
            <param index="0">
              <value>
                <![CDATA[Lakshmi]]>
              </value>
            </param>
            <param index="1">
              <value>
                <![CDATA[Ganapathi]]>
              </value>
            </param>
            <param index="2">
              <value>
                <![CDATA[rs.ganapathi@outlook.com]]>
              </value>
            </param>
            <param index="3">
              <value>
                <![CDATA[Male]]>
              </value>
            </param>
            <param index="4">
              <value>
                <![CDATA[9876543221]]>
              </value>
            </param>
            <param index="5">
              <value>
                <![CDATA[Chemistry]]>
              </value>
            </param>
            <param index="6">
              <value>
                <![CDATA[Reading]]>
              </value>
            </param>
            <param index="7">
              <value>
                <![CDATA[C:\Users\SIVA\Pictures\Profile_Image.jpg]]>
              </value>
            </param>
            <param index="8">
              <value>
                <![CDATA[Swathi Avenue, Ameerpet, Hyderabad, Telangana - 500016]]>
              </value>
            </param>
            <param index="9">
              <value>
                <![CDATA[Uttar Pradesh]]>
              </value>
            </param>
            <param index="10">
              <value>
                <![CDATA[Lucknow]]>
              </value>
            </param>
            <param index="11">
              <value>
                <![CDATA[September]]>
              </value>
            </param>
            <param index="12">
              <value>
                <![CDATA[2001]]>
              </value>
            </param>
            <param index="13">
              <value>
                <![CDATA[5]]>
              </value>
            </param>
          </params>
          <exception class="org.openqa.selenium.ElementClickInterceptedException">
            <message>
              <![CDATA[element click intercepted: Element <button id="submit" type="submit" class="btn btn-primary">...</button> is not clickable at point (1078, 574). Other element would receive the click: <div>...</div>
  (Session info: chrome=128.0.6613.114)
Build info: version: '4.23.0', revision: '4df0a231af'
System info: os.name: 'Windows 10', os.arch: 'amd64', os.version: '10.0', java.version: '22.0.2'
Driver info: org.openqa.selenium.chrome.ChromeDriver
Command: [3dbc8a10544ee0f265ecb0dc7ad10e63, clickElement {id=f.11AC73F98C5680E3E1C15591DF49CF7B.d.910239B38B366CA26FB7E35B680220E9.e.131}]
Capabilities {acceptInsecureCerts: false, browserName: chrome, browserVersion: 128.0.6613.114, chrome: {chromedriverVersion: 128.0.6613.119 (6e439cfca4d..., userDataDir: C:\Users\SIVA\AppData\Local...}, fedcm:accounts: true, goog:chromeOptions: {debuggerAddress: localhost:57422}, networkConnectionEnabled: false, pageLoadStrategy: normal, platformName: windows, proxy: Proxy(), se:cdp: ws://localhost:57422/devtoo..., se:cdpVersion: 128.0.6613.114, setWindowRect: true, strictFileInteractability: false, timeouts: {implicit: 0, pageLoad: 300000, script: 30000}, unhandledPromptBehavior: dismiss and notify, webauthn:extension:credBlob: true, webauthn:extension:largeBlob: true, webauthn:extension:minPinLength: true, webauthn:extension:prf: true, webauthn:virtualAuthenticators: true}
Element: [[ChromeDriver: chrome on windows (3dbc8a10544ee0f265ecb0dc7ad10e63)] -> id: submit]
Session ID: 3dbc8a10544ee0f265ecb0dc7ad10e63]]>
            </message>
            <full-stacktrace>
              <![CDATA[org.openqa.selenium.ElementClickInterceptedException: element click intercepted: Element <button id="submit" type="submit" class="btn btn-primary">...</button> is not clickable at point (1078, 574). Other element would receive the click: <div>...</div>
  (Session info: chrome=128.0.6613.114)
Build info: version: '4.23.0', revision: '4df0a231af'
System info: os.name: 'Windows 10', os.arch: 'amd64', os.version: '10.0', java.version: '22.0.2'
Driver info: org.openqa.selenium.chrome.ChromeDriver
Command: [3dbc8a10544ee0f265ecb0dc7ad10e63, clickElement {id=f.11AC73F98C5680E3E1C15591DF49CF7B.d.910239B38B366CA26FB7E35B680220E9.e.131}]
Capabilities {acceptInsecureCerts: false, browserName: chrome, browserVersion: 128.0.6613.114, chrome: {chromedriverVersion: 128.0.6613.119 (6e439cfca4d..., userDataDir: C:\Users\SIVA\AppData\Local...}, fedcm:accounts: true, goog:chromeOptions: {debuggerAddress: localhost:57422}, networkConnectionEnabled: false, pageLoadStrategy: normal, platformName: windows, proxy: Proxy(), se:cdp: ws://localhost:57422/devtoo..., se:cdpVersion: 128.0.6613.114, setWindowRect: true, strictFileInteractability: false, timeouts: {implicit: 0, pageLoad: 300000, script: 30000}, unhandledPromptBehavior: dismiss and notify, webauthn:extension:credBlob: true, webauthn:extension:largeBlob: true, webauthn:extension:minPinLength: true, webauthn:extension:prf: true, webauthn:virtualAuthenticators: true}
Element: [[ChromeDriver: chrome on windows (3dbc8a10544ee0f265ecb0dc7ad10e63)] -> id: submit]
Session ID: 3dbc8a10544ee0f265ecb0dc7ad10e63
at java.base/jdk.internal.reflect.DirectConstructorHandleAccessor.newInstance(DirectConstructorHandleAccessor.java:62)
at java.base/java.lang.reflect.Constructor.newInstanceWithCaller(Constructor.java:502)
at java.base/java.lang.reflect.Constructor.newInstance(Constructor.java:486)
at org.openqa.selenium.remote.ErrorCodec.decode(ErrorCodec.java:167)
at org.openqa.selenium.remote.codec.w3c.W3CHttpResponseCodec.decode(W3CHttpResponseCodec.java:138)
at org.openqa.selenium.remote.codec.w3c.W3CHttpResponseCodec.decode(W3CHttpResponseCodec.java:50)
at org.openqa.selenium.remote.HttpCommandExecutor.execute(HttpCommandExecutor.java:190)
at org.openqa.selenium.remote.service.DriverCommandExecutor.invokeExecute(DriverCommandExecutor.java:216)
at org.openqa.selenium.remote.service.DriverCommandExecutor.execute(DriverCommandExecutor.java:174)
at org.openqa.selenium.remote.RemoteWebDriver.execute(RemoteWebDriver.java:527)
at org.openqa.selenium.remote.RemoteWebElement.execute(RemoteWebElement.java:223)
at org.openqa.selenium.remote.RemoteWebElement.click(RemoteWebElement.java:76)
at formSubmissionDemoQA.DemoQaFormSubmission.FormSubmission(DemoQaFormSubmission.java:102)
at java.base/jdk.internal.reflect.DirectMethodHandleAccessor.invoke(DirectMethodHandleAccessor.java:103)
at java.base/java.lang.reflect.Method.invoke(Method.java:580)
at org.testng.internal.invokers.MethodInvocationHelper.invokeMethod(MethodInvocationHelper.java:141)
at org.testng.internal.invokers.TestInvoker.invokeMethod(TestInvoker.java:686)
at org.testng.internal.invokers.TestInvoker.invokeTestMethod(TestInvoker.java:230)
at org.testng.internal.invokers.MethodRunner.runInSequence(MethodRunner.java:63)
at org.testng.internal.invokers.TestInvoker$MethodInvocationAgent.invoke(TestInvoker.java:992)
at org.testng.internal.invokers.TestInvoker.invokeTestMethods(TestInvoker.java:203)
at org.testng.internal.invokers.TestMethodWorker.invokeTestMethods(TestMethodWorker.java:154)
at org.testng.internal.invokers.TestMethodWorker.run(TestMethodWorker.java:134)
at java.base/java.util.ArrayList.forEach(ArrayList.java:1597)
at org.testng.TestRunner.privateRun(TestRunner.java:739)
at org.testng.TestRunner.run(TestRunner.java:614)
at org.testng.SuiteRunner.runTest(SuiteRunner.java:421)
at org.testng.SuiteRunner.runSequentially(SuiteRunner.java:413)
at org.testng.SuiteRunner.privateRun(SuiteRunner.java:373)
at org.testng.SuiteRunner.run(SuiteRunner.java:312)
at org.testng.SuiteRunnerWorker.runSuite(SuiteRunnerWorker.java:52)
at org.testng.SuiteRunnerWorker.run(SuiteRunnerWorker.java:95)
at org.testng.TestNG.runSuitesSequentially(TestNG.java:1274)
at org.testng.TestNG.runSuitesLocally(TestNG.java:1208)
at org.testng.TestNG.runSuites(TestNG.java:1112)
at org.testng.TestNG.run(TestNG.java:1079)
at org.testng.remote.AbstractRemoteTestNG.run(AbstractRemoteTestNG.java:115)
at org.testng.remote.RemoteTestNG.initAndRun(RemoteTestNG.java:293)
at org.testng.remote.RemoteTestNG.main(RemoteTestNG.java:91)
]]>
            </full-stacktrace>
          </exception> <!-- org.openqa.selenium.ElementClickInterceptedException -->
          <reporter-output>
          </reporter-output>
        </test-method> <!-- FormSubmission -->
        <test-method signature="FormSubmission(java.lang.String,java.lang.String,java.lang.String,java.lang.String,java.lang.String,java.lang.String,java.lang.String,java.lang.String,java.lang.String,java.lang.String,java.lang.String,java.lang.String,java.lang.String,java.lang.String)[pri:0, instance:formSubmissionDemoQA.DemoQaFormSubmission@65fb9ffc]" started-at="2024-09-04T12:49:23 IST" name="FormSubmission" data-provider="StudentDetails" finished-at="2024-09-04T12:49:51 IST" duration-ms="28892" status="PASS">
          <params>
            <param index="0">
              <value>
                <![CDATA[Sai]]>
              </value>
            </param>
            <param index="1">
              <value>
                <![CDATA[Teja]]>
              </value>
            </param>
            <param index="2">
              <value>
                <![CDATA[rs.saiteja@outlook.com]]>
              </value>
            </param>
            <param index="3">
              <value>
                <![CDATA[Female]]>
              </value>
            </param>
            <param index="4">
              <value>
                <![CDATA[9876543321]]>
              </value>
            </param>
            <param index="5">
              <value>
                <![CDATA[Commerce]]>
              </value>
            </param>
            <param index="6">
              <value>
                <![CDATA[Music]]>
              </value>
            </param>
            <param index="7">
              <value>
                <![CDATA[C:\Users\SIVA\Pictures\Profile_Image.jpg]]>
              </value>
            </param>
            <param index="8">
              <value>
                <![CDATA[Swathi Avenue, Ameerpet, Hyderabad, Telangana - 500016]]>
              </value>
            </param>
            <param index="9">
              <value>
                <![CDATA[Haryana]]>
              </value>
            </param>
            <param index="10">
              <value>
                <![CDATA[Panipat]]>
              </value>
            </param>
            <param index="11">
              <value>
                <![CDATA[August]]>
              </value>
            </param>
            <param index="12">
              <value>
                <![CDATA[2002]]>
              </value>
            </param>
            <param index="13">
              <value>
                <![CDATA[25]]>
              </value>
            </param>
          </params>
          <reporter-output>
          </reporter-output>
        </test-method> <!-- FormSubmission -->
        <test-method signature="FormSubmission(java.lang.String,java.lang.String,java.lang.String,java.lang.String,java.lang.String,java.lang.String,java.lang.String,java.lang.String,java.lang.String,java.lang.String,java.lang.String,java.lang.String,java.lang.String,java.lang.String)[pri:0, instance:formSubmissionDemoQA.DemoQaFormSubmission@65fb9ffc]" started-at="2024-09-04T12:49:51 IST" name="FormSubmission" data-provider="StudentDetails" finished-at="2024-09-04T12:50:36 IST" duration-ms="44796" status="FAIL">
          <params>
            <param index="0">
              <value>
                <![CDATA[Pavan]]>
              </value>
            </param>
            <param index="1">
              <value>
                <![CDATA[Kondapalli]]>
              </value>
            </param>
            <param index="2">
              <value>
                <![CDATA[rs.saiteja@outlook.com]]>
              </value>
            </param>
            <param index="3">
              <value>
                <![CDATA[Male]]>
              </value>
            </param>
            <param index="4">
              <value>
                <![CDATA[9876543321]]>
              </value>
            </param>
            <param index="5">
              <value>
                <![CDATA[Computer Science]]>
              </value>
            </param>
            <param index="6">
              <value>
                <![CDATA[Sports]]>
              </value>
            </param>
            <param index="7">
              <value>
                <![CDATA[C:\Users\SIVA\Pictures\Profile_Image.jpg]]>
              </value>
            </param>
            <param index="8">
              <value>
                <![CDATA[Swathi Avenue, Ameerpet, Hyderabad, Telangana - 500016]]>
              </value>
            </param>
            <param index="9">
              <value>
                <![CDATA[Rajasthan]]>
              </value>
            </param>
            <param index="10">
              <value>
                <![CDATA[Jaipur]]>
              </value>
            </param>
            <param index="11">
              <value>
                <![CDATA[July]]>
              </value>
            </param>
            <param index="12">
              <value>
                <![CDATA[2003]]>
              </value>
            </param>
            <param index="13">
              <value>
                <![CDATA[30]]>
              </value>
            </param>
          </params>
          <exception class="org.openqa.selenium.ElementClickInterceptedException">
            <message>
              <![CDATA[element click intercepted: Element <button id="submit" type="submit" class="btn btn-primary">...</button> is not clickable at point (1078, 574). Other element would receive the click: <div>...</div>
  (Session info: chrome=128.0.6613.114)
Build info: version: '4.23.0', revision: '4df0a231af'
System info: os.name: 'Windows 10', os.arch: 'amd64', os.version: '10.0', java.version: '22.0.2'
Driver info: org.openqa.selenium.chrome.ChromeDriver
Command: [2ce4eb35c32d8cf43674f91e3ed78a52, clickElement {id=f.1AB14461D8726AC7F8287348165D6B66.d.E0B58E48411CEA554C26C74057B2FB2E.e.131}]
Capabilities {acceptInsecureCerts: false, browserName: chrome, browserVersion: 128.0.6613.114, chrome: {chromedriverVersion: 128.0.6613.119 (6e439cfca4d..., userDataDir: C:\Users\SIVA\AppData\Local...}, fedcm:accounts: true, goog:chromeOptions: {debuggerAddress: localhost:57900}, networkConnectionEnabled: false, pageLoadStrategy: normal, platformName: windows, proxy: Proxy(), se:cdp: ws://localhost:57900/devtoo..., se:cdpVersion: 128.0.6613.114, setWindowRect: true, strictFileInteractability: false, timeouts: {implicit: 0, pageLoad: 300000, script: 30000}, unhandledPromptBehavior: dismiss and notify, webauthn:extension:credBlob: true, webauthn:extension:largeBlob: true, webauthn:extension:minPinLength: true, webauthn:extension:prf: true, webauthn:virtualAuthenticators: true}
Element: [[ChromeDriver: chrome on windows (2ce4eb35c32d8cf43674f91e3ed78a52)] -> id: submit]
Session ID: 2ce4eb35c32d8cf43674f91e3ed78a52]]>
            </message>
            <full-stacktrace>
              <![CDATA[org.openqa.selenium.ElementClickInterceptedException: element click intercepted: Element <button id="submit" type="submit" class="btn btn-primary">...</button> is not clickable at point (1078, 574). Other element would receive the click: <div>...</div>
  (Session info: chrome=128.0.6613.114)
Build info: version: '4.23.0', revision: '4df0a231af'
System info: os.name: 'Windows 10', os.arch: 'amd64', os.version: '10.0', java.version: '22.0.2'
Driver info: org.openqa.selenium.chrome.ChromeDriver
Command: [2ce4eb35c32d8cf43674f91e3ed78a52, clickElement {id=f.1AB14461D8726AC7F8287348165D6B66.d.E0B58E48411CEA554C26C74057B2FB2E.e.131}]
Capabilities {acceptInsecureCerts: false, browserName: chrome, browserVersion: 128.0.6613.114, chrome: {chromedriverVersion: 128.0.6613.119 (6e439cfca4d..., userDataDir: C:\Users\SIVA\AppData\Local...}, fedcm:accounts: true, goog:chromeOptions: {debuggerAddress: localhost:57900}, networkConnectionEnabled: false, pageLoadStrategy: normal, platformName: windows, proxy: Proxy(), se:cdp: ws://localhost:57900/devtoo..., se:cdpVersion: 128.0.6613.114, setWindowRect: true, strictFileInteractability: false, timeouts: {implicit: 0, pageLoad: 300000, script: 30000}, unhandledPromptBehavior: dismiss and notify, webauthn:extension:credBlob: true, webauthn:extension:largeBlob: true, webauthn:extension:minPinLength: true, webauthn:extension:prf: true, webauthn:virtualAuthenticators: true}
Element: [[ChromeDriver: chrome on windows (2ce4eb35c32d8cf43674f91e3ed78a52)] -> id: submit]
Session ID: 2ce4eb35c32d8cf43674f91e3ed78a52
at java.base/jdk.internal.reflect.DirectConstructorHandleAccessor.newInstance(DirectConstructorHandleAccessor.java:62)
at java.base/java.lang.reflect.Constructor.newInstanceWithCaller(Constructor.java:502)
at java.base/java.lang.reflect.Constructor.newInstance(Constructor.java:486)
at org.openqa.selenium.remote.ErrorCodec.decode(ErrorCodec.java:167)
at org.openqa.selenium.remote.codec.w3c.W3CHttpResponseCodec.decode(W3CHttpResponseCodec.java:138)
at org.openqa.selenium.remote.codec.w3c.W3CHttpResponseCodec.decode(W3CHttpResponseCodec.java:50)
at org.openqa.selenium.remote.HttpCommandExecutor.execute(HttpCommandExecutor.java:190)
at org.openqa.selenium.remote.service.DriverCommandExecutor.invokeExecute(DriverCommandExecutor.java:216)
at org.openqa.selenium.remote.service.DriverCommandExecutor.execute(DriverCommandExecutor.java:174)
at org.openqa.selenium.remote.RemoteWebDriver.execute(RemoteWebDriver.java:527)
at org.openqa.selenium.remote.RemoteWebElement.execute(RemoteWebElement.java:223)
at org.openqa.selenium.remote.RemoteWebElement.click(RemoteWebElement.java:76)
at formSubmissionDemoQA.DemoQaFormSubmission.FormSubmission(DemoQaFormSubmission.java:102)
at java.base/jdk.internal.reflect.DirectMethodHandleAccessor.invoke(DirectMethodHandleAccessor.java:103)
at java.base/java.lang.reflect.Method.invoke(Method.java:580)
at org.testng.internal.invokers.MethodInvocationHelper.invokeMethod(MethodInvocationHelper.java:141)
at org.testng.internal.invokers.TestInvoker.invokeMethod(TestInvoker.java:686)
at org.testng.internal.invokers.TestInvoker.invokeTestMethod(TestInvoker.java:230)
at org.testng.internal.invokers.MethodRunner.runInSequence(MethodRunner.java:63)
at org.testng.internal.invokers.TestInvoker$MethodInvocationAgent.invoke(TestInvoker.java:992)
at org.testng.internal.invokers.TestInvoker.invokeTestMethods(TestInvoker.java:203)
at org.testng.internal.invokers.TestMethodWorker.invokeTestMethods(TestMethodWorker.java:154)
at org.testng.internal.invokers.TestMethodWorker.run(TestMethodWorker.java:134)
at java.base/java.util.ArrayList.forEach(ArrayList.java:1597)
at org.testng.TestRunner.privateRun(TestRunner.java:739)
at org.testng.TestRunner.run(TestRunner.java:614)
at org.testng.SuiteRunner.runTest(SuiteRunner.java:421)
at org.testng.SuiteRunner.runSequentially(SuiteRunner.java:413)
at org.testng.SuiteRunner.privateRun(SuiteRunner.java:373)
at org.testng.SuiteRunner.run(SuiteRunner.java:312)
at org.testng.SuiteRunnerWorker.runSuite(SuiteRunnerWorker.java:52)
at org.testng.SuiteRunnerWorker.run(SuiteRunnerWorker.java:95)
at org.testng.TestNG.runSuitesSequentially(TestNG.java:1274)
at org.testng.TestNG.runSuitesLocally(TestNG.java:1208)
at org.testng.TestNG.runSuites(TestNG.java:1112)
at org.testng.TestNG.run(TestNG.java:1079)
at org.testng.remote.AbstractRemoteTestNG.run(AbstractRemoteTestNG.java:115)
at org.testng.remote.RemoteTestNG.initAndRun(RemoteTestNG.java:293)
at org.testng.remote.RemoteTestNG.main(RemoteTestNG.java:91)
]]>
            </full-stacktrace>
          </exception> <!-- org.openqa.selenium.ElementClickInterceptedException -->
          <reporter-output>
          </reporter-output>
        </test-method> <!-- FormSubmission -->
        <test-method signature="FormSubmission(java.lang.String,java.lang.String,java.lang.String,java.lang.String,java.lang.String,java.lang.String,java.lang.String,java.lang.String,java.lang.String,java.lang.String,java.lang.String,java.lang.String,java.lang.String,java.lang.String)[pri:0, instance:formSubmissionDemoQA.DemoQaFormSubmission@65fb9ffc]" started-at="2024-09-04T12:50:36 IST" name="FormSubmission" data-provider="StudentDetails" finished-at="2024-09-04T12:51:08 IST" duration-ms="31374" status="PASS">
          <params>
            <param index="0">
              <value>
                <![CDATA[Nagendra]]>
              </value>
            </param>
            <param index="1">
              <value>
                <![CDATA[Babu]]>
              </value>
            </param>
            <param index="2">
              <value>
                <![CDATA[rs.nagendra@outlook.com]]>
              </value>
            </param>
            <param index="3">
              <value>
                <![CDATA[Female]]>
              </value>
            </param>
            <param index="4">
              <value>
                <![CDATA[9876544321]]>
              </value>
            </param>
            <param index="5">
              <value>
                <![CDATA[Physics]]>
              </value>
            </param>
            <param index="6">
              <value>
                <![CDATA[Reading]]>
              </value>
            </param>
            <param index="7">
              <value>
                <![CDATA[C:\Users\SIVA\Pictures\Profile_Image.jpg]]>
              </value>
            </param>
            <param index="8">
              <value>
                <![CDATA[Swathi Avenue, Ameerpet, Hyderabad, Telangana - 500016]]>
              </value>
            </param>
            <param index="9">
              <value>
                <![CDATA[NCR]]>
              </value>
            </param>
            <param index="10">
              <value>
                <![CDATA[Noida]]>
              </value>
            </param>
            <param index="11">
              <value>
                <![CDATA[June]]>
              </value>
            </param>
            <param index="12">
              <value>
                <![CDATA[2004]]>
              </value>
            </param>
            <param index="13">
              <value>
                <![CDATA[22]]>
              </value>
            </param>
          </params>
          <reporter-output>
          </reporter-output>
        </test-method> <!-- FormSubmission -->
      </class> <!-- formSubmissionDemoQA.DemoQaFormSubmission -->
    </test> <!-- Default test -->
  </suite> <!-- Default suite -->
</testng-results>
